<?xml version="1.0" encoding="UTF-8"?>
<!-- Generated by org.testng.reporters.JUnitXMLReporter -->
<testsuite ignored="8" hostname="LTIN218160" failures="1" tests="16" name="Test" time="96.117" errors="0" timestamp="2024-03-04T15:59:39 IST">
  <testcase classname="testCases.TC001_HomePage" name="Searching_Bookshleves" time="3.598"/>
  <testcase classname="testCases.TC002_BookShelves" name="Closing_Popup" time="2.201"/>
  <testcase classname="testCases.TC002_BookShelves" name="Select_Category" time="0.597"/>
  <testcase classname="testCases.TC002_BookShelves" name="Select_PriceRange" time="1.623"/>
  <testcase classname="testCases.TC002_BookShelves" name="SelectoutOfStock" time="1.955">
    <failure type="org.openqa.selenium.ElementClickInterceptedException" message="element click intercepted: Element &amp;lt;div class=&amp;quot;option&amp;quot; data-option-key=&amp;quot;In Stock Only&amp;quot; data-option-name=&amp;quot;In Stock Only&amp;quot;&amp;gt;...&amp;lt;/div&amp;gt; is not clickable at point (891, 17). Other element would receive the click: &amp;lt;div class=&amp;quot;optionsdata line clearfix&amp;quot;&amp;gt;...&amp;lt;/div&amp;gt;
  (Session info: chrome=118.0.5993.71)
Build info: version: &amp;apos;4.17.0&amp;apos;, revision: &amp;apos;e52b1be057*&amp;apos;
System info: os.name: &amp;apos;Windows 11&amp;apos;, os.arch: &amp;apos;amd64&amp;apos;, os.version: &amp;apos;10.0&amp;apos;, java.version: &amp;apos;17.0.10&amp;apos;
Driver info: org.openqa.selenium.remote.RemoteWebDriver
Command: [723ed237e431d46378702bbf905bc297, clickElement {id=D86AE39F6D03EF770DC795B9EF7B68F2_element_192}]
Capabilities {acceptInsecureCerts: false, browserName: chrome, browserVersion: 118.0.5993.71, chrome: {chromedriverVersion: 118.0.5993.70 (e52f33f30b91..., userDataDir: C:\Users\2303723\AppData\Lo...}, fedcm:accounts: true, goog:chromeOptions: {debuggerAddress: localhost:57508}, networkConnectionEnabled: false, pageLoadStrategy: normal, platformName: Windows 11, proxy: Proxy(), se:bidiEnabled: false, se:cdp: ws://10.66.137.6:4444/sessi..., se:cdpVersion: 118.0.5993.71, setWindowRect: true, strictFileInteractability: false, timeouts: {implicit: 0, pageLoad: 300000, script: 30000}, unhandledPromptBehavior: dismiss and notify, webauthn:extension:credBlob: true, webauthn:extension:largeBlob: true, webauthn:extension:minPinLength: true, webauthn:extension:prf: true, webauthn:virtualAuthenticators: true}
Element: [[RemoteWebDriver: chrome on Windows 11 (723ed237e431d46378702bbf905bc297)] -&amp;gt; xpath: //div[@class=&amp;apos;option&amp;apos;]]
Session ID: 723ed237e431d46378702bbf905bc297">
      <![CDATA[org.openqa.selenium.ElementClickInterceptedException: element click intercepted: Element <div class="option" data-option-key="In Stock Only" data-option-name="In Stock Only">...</div> is not clickable at point (891, 17). Other element would receive the click: <div class="optionsdata line clearfix">...</div>
  (Session info: chrome=118.0.5993.71)
Build info: version: '4.17.0', revision: 'e52b1be057*'
System info: os.name: 'Windows 11', os.arch: 'amd64', os.version: '10.0', java.version: '17.0.10'
Driver info: org.openqa.selenium.remote.RemoteWebDriver
Command: [723ed237e431d46378702bbf905bc297, clickElement {id=D86AE39F6D03EF770DC795B9EF7B68F2_element_192}]
Capabilities {acceptInsecureCerts: false, browserName: chrome, browserVersion: 118.0.5993.71, chrome: {chromedriverVersion: 118.0.5993.70 (e52f33f30b91..., userDataDir: C:\Users\2303723\AppData\Lo...}, fedcm:accounts: true, goog:chromeOptions: {debuggerAddress: localhost:57508}, networkConnectionEnabled: false, pageLoadStrategy: normal, platformName: Windows 11, proxy: Proxy(), se:bidiEnabled: false, se:cdp: ws://10.66.137.6:4444/sessi..., se:cdpVersion: 118.0.5993.71, setWindowRect: true, strictFileInteractability: false, timeouts: {implicit: 0, pageLoad: 300000, script: 30000}, unhandledPromptBehavior: dismiss and notify, webauthn:extension:credBlob: true, webauthn:extension:largeBlob: true, webauthn:extension:minPinLength: true, webauthn:extension:prf: true, webauthn:virtualAuthenticators: true}
Element: [[RemoteWebDriver: chrome on Windows 11 (723ed237e431d46378702bbf905bc297)] -> xpath: //div[@class='option']]
Session ID: 723ed237e431d46378702bbf905bc297
at org.openqa.selenium.remote.codec.w3c.W3CHttpResponseCodec.createException(W3CHttpResponseCodec.java:185)
at org.openqa.selenium.remote.codec.w3c.W3CHttpResponseCodec.decode(W3CHttpResponseCodec.java:134)
at org.openqa.selenium.remote.codec.w3c.W3CHttpResponseCodec.decode(W3CHttpResponseCodec.java:51)
at org.openqa.selenium.remote.HttpCommandExecutor.execute(HttpCommandExecutor.java:190)
at org.openqa.selenium.remote.TracedCommandExecutor.execute(TracedCommandExecutor.java:51)
at org.openqa.selenium.remote.RemoteWebDriver.execute(RemoteWebDriver.java:519)
at org.openqa.selenium.remote.RemoteWebElement.execute(RemoteWebElement.java:223)
at org.openqa.selenium.remote.RemoteWebElement.click(RemoteWebElement.java:76)
at org.openqa.selenium.support.pagefactory.internal.LocatingElementHandler.invoke(LocatingElementHandler.java:51)
at jdk.proxy2/jdk.proxy2.$Proxy48.click(Unknown Source)
at pageObjects.BookShelves.selectoutOfStock(BookShelves.java:110)
at testCases.TC002_BookShelves.SelectoutOfStock(TC002_BookShelves.java:41)
at java.base/java.util.ArrayList.forEach(ArrayList.java:1511)
... Removed 36 stack frames]]>
    </failure>
  </testcase> <!-- SelectoutOfStock -->
  <testcase classname="testCases.TC002_BookShelves" name="SelectOrderRange" time="0.366"/>
  <testcase classname="testCases.TC002_BookShelves" name="PrintProductDetails" time="5.78"/>
  <testcase classname="testCases.TC003_Living" name="SelectLivingSubMenu" time="0.322"/>
  <testcase classname="testCases.TC003_Living" name="PrintDetailsInSubMenu" time="3.631"/>
  <testcase classname="testCases.TC003_Living" name="SelectGiftCards" time="3.849"/>
  <testcase classname="testCases.TC004_GiftCards" name="SelectGiftCard" time="0.578"/>
  <testcase classname="testCases.TC004_GiftCards" name="SelectPriceOfGiftCard" time="0.176"/>
  <testcase classname="testCases.TC004_GiftCards" name="SelectDate" time="0.579"/>
  <testcase classname="testCases.TC004_GiftCards" name="SelectNext" time="0.105"/>
  <testcase classname="testCases.TC005_ValidatingGiftCardDetails" name="ValidatingDetails" time="8.982"/>
  <testcase classname="testCases.TC005_ValidatingGiftCardDetails" name="ValidatingDetails" time="7.7"/>
  <testcase classname="testBase.BaseClass" name="@AfterTest tearDown" time="0.0">
    <ignored/>
  </testcase> <!-- @AfterTest tearDown -->
  <testcase classname="testBase.BaseClass" name="@AfterTest tearDown" time="0.0">
    <ignored/>
  </testcase> <!-- @AfterTest tearDown -->
  <testcase classname="testBase.BaseClass" name="@AfterTest tearDown" time="0.0">
    <ignored/>
  </testcase> <!-- @AfterTest tearDown -->
  <testcase classname="testBase.BaseClass" name="@AfterTest tearDown" time="0.0">
    <ignored/>
  </testcase> <!-- @AfterTest tearDown -->
  <testcase classname="testBase.BaseClass" name="@BeforeTest setup" time="0.0">
    <ignored/>
  </testcase> <!-- @BeforeTest setup -->
  <testcase classname="testBase.BaseClass" name="@BeforeTest setup" time="0.0">
    <ignored/>
  </testcase> <!-- @BeforeTest setup -->
  <testcase classname="testBase.BaseClass" name="@BeforeTest setup" time="0.0">
    <ignored/>
  </testcase> <!-- @BeforeTest setup -->
  <testcase classname="testBase.BaseClass" name="@BeforeTest setup" time="0.0">
    <ignored/>
  </testcase> <!-- @BeforeTest setup -->
</testsuite> <!-- Test -->
